<?xml version="1.0" encoding="UTF-8"?>
<testsuite xmlns:xsi="http://www.w3.org/2001/XMLSchema-instance" xsi:noNamespaceSchemaLocation="https://maven.apache.org/surefire/maven-surefire-plugin/xsd/surefire-test-report-3.0.xsd" version="3.0" name="es.deusto.spq.jdo.MainTest" time="0" tests="1" errors="0" skipped="1" failures="0">
  <properties>
    <property name="sun.desktop" value="windows"/>
    <property name="awt.toolkit" value="sun.awt.windows.WToolkit"/>
    <property name="file.encoding.pkg" value="sun.io"/>
    <property name="java.specification.version" value="1.8"/>
    <property name="sun.cpu.isalist" value="amd64"/>
    <property name="sun.jnu.encoding" value="Cp1252"/>
    <property name="java.class.path" value="C:\Users\jonib\Documents\GitHub\UDParking\UDParking\target\test-classes;C:\Users\jonib\Documents\GitHub\UDParking\UDParking\target\classes;C:\Users\jonib\.m2\repository\org\glassfish\jersey\containers\jersey-container-grizzly2-http\3.0.1\jersey-container-grizzly2-http-3.0.1.jar;C:\Users\jonib\.m2\repository\jakarta\inject\jakarta.inject-api\2.0.0\jakarta.inject-api-2.0.0.jar;C:\Users\jonib\.m2\repository\org\glassfish\grizzly\grizzly-http-server\3.0.0\grizzly-http-server-3.0.0.jar;C:\Users\jonib\.m2\repository\org\glassfish\grizzly\grizzly-http\3.0.0\grizzly-http-3.0.0.jar;C:\Users\jonib\.m2\repository\org\glassfish\grizzly\grizzly-framework\3.0.0\grizzly-framework-3.0.0.jar;C:\Users\jonib\.m2\repository\org\glassfish\jersey\core\jersey-common\3.0.1\jersey-common-3.0.1.jar;C:\Users\jonib\.m2\repository\jakarta\annotation\jakarta.annotation-api\2.0.0\jakarta.annotation-api-2.0.0.jar;C:\Users\jonib\.m2\repository\org\glassfish\hk2\osgi-resource-locator\1.0.3\osgi-resource-locator-1.0.3.jar;C:\Users\jonib\.m2\repository\org\glassfish\jersey\core\jersey-server\3.0.1\jersey-server-3.0.1.jar;C:\Users\jonib\.m2\repository\org\glassfish\jersey\core\jersey-client\3.0.1\jersey-client-3.0.1.jar;C:\Users\jonib\.m2\repository\jakarta\validation\jakarta.validation-api\3.0.0\jakarta.validation-api-3.0.0.jar;C:\Users\jonib\.m2\repository\jakarta\ws\rs\jakarta.ws.rs-api\3.0.0\jakarta.ws.rs-api-3.0.0.jar;C:\Users\jonib\.m2\repository\org\glassfish\jersey\inject\jersey-hk2\3.0.1\jersey-hk2-3.0.1.jar;C:\Users\jonib\.m2\repository\org\glassfish\hk2\hk2-locator\3.0.1\hk2-locator-3.0.1.jar;C:\Users\jonib\.m2\repository\org\glassfish\hk2\external\aopalliance-repackaged\3.0.1\aopalliance-repackaged-3.0.1.jar;C:\Users\jonib\.m2\repository\org\glassfish\hk2\hk2-api\3.0.1\hk2-api-3.0.1.jar;C:\Users\jonib\.m2\repository\org\glassfish\hk2\hk2-utils\3.0.1\hk2-utils-3.0.1.jar;C:\Users\jonib\.m2\repository\org\javassist\javassist\3.25.0-GA\javassist-3.25.0-GA.jar;C:\Users\jonib\.m2\repository\org\glassfish\jersey\media\jersey-media-json-binding\3.0.1\jersey-media-json-binding-3.0.1.jar;C:\Users\jonib\.m2\repository\jakarta\json\jakarta.json-api\2.0.0\jakarta.json-api-2.0.0.jar;C:\Users\jonib\.m2\repository\jakarta\json\bind\jakarta.json.bind-api\2.0.0\jakarta.json.bind-api-2.0.0.jar;C:\Users\jonib\.m2\repository\org\glassfish\jakarta.json\2.0.0\jakarta.json-2.0.0-module.jar;C:\Users\jonib\.m2\repository\org\eclipse\yasson\2.0.1\yasson-2.0.1.jar;C:\Users\jonib\.m2\repository\org\datanucleus\datanucleus-core\5.2.6\datanucleus-core-5.2.6.jar;C:\Users\jonib\.m2\repository\org\datanucleus\datanucleus-api-jdo\5.2.5\datanucleus-api-jdo-5.2.5.jar;C:\Users\jonib\.m2\repository\org\datanucleus\datanucleus-rdbms\5.2.6\datanucleus-rdbms-5.2.6.jar;C:\Users\jonib\.m2\repository\org\datanucleus\javax.jdo\3.2.0-m13\javax.jdo-3.2.0-m13.jar;C:\Users\jonib\.m2\repository\javax\transaction\transaction-api\1.1\transaction-api-1.1.jar;C:\Users\jonib\.m2\repository\mysql\mysql-connector-java\8.0.23\mysql-connector-java-8.0.23.jar;C:\Users\jonib\.m2\repository\com\google\protobuf\protobuf-java\3.11.4\protobuf-java-3.11.4.jar;C:\Users\jonib\.m2\repository\junit\junit\4.11\junit-4.11.jar;C:\Users\jonib\.m2\repository\org\hamcrest\hamcrest-core\1.3\hamcrest-core-1.3.jar;C:\Users\jonib\.m2\repository\org\mockito\mockito-core\3.9.0\mockito-core-3.9.0.jar;C:\Users\jonib\.m2\repository\net\bytebuddy\byte-buddy\1.10.20\byte-buddy-1.10.20.jar;C:\Users\jonib\.m2\repository\net\bytebuddy\byte-buddy-agent\1.10.20\byte-buddy-agent-1.10.20.jar;C:\Users\jonib\.m2\repository\org\objenesis\objenesis\3.2\objenesis-3.2.jar;C:\Users\jonib\.m2\repository\log4j\log4j\1.2.17\log4j-1.2.17.jar;C:\Users\jonib\.m2\repository\com\toedter\jcalendar\1.4\jcalendar-1.4.jar;C:\Users\jonib\.m2\repository\org\databene\contiperf\2.3.4\contiperf-2.3.4.jar;C:\Users\jonib\.m2\repository\com\sun\mail\javax.mail\1.6.2\javax.mail-1.6.2.jar;C:\Users\jonib\.m2\repository\javax\activation\activation\1.1\activation-1.1.jar;"/>
    <property name="sun.awt.enableExtraMouseButtons" value="true"/>
    <property name="java.vm.vendor" value="Oracle Corporation"/>
    <property name="sun.arch.data.model" value="64"/>
    <property name="user.variant" value=""/>
    <property name="java.vendor.url" value="http://java.oracle.com/"/>
    <property name="user.timezone" value="Europe/Paris"/>
    <property name="java.vm.specification.version" value="1.8"/>
    <property name="os.name" value="Windows 10"/>
    <property name="user.country" value="ES"/>
    <property name="sun.java.launcher" value="SUN_STANDARD"/>
    <property name="sun.boot.library.path" value="C:\Program Files\Java\jdk1.8.0_231\jre\bin"/>
    <property name="sun.java.command" value="C:\Users\jonib\AppData\Local\Temp\surefire8932997219536195062\surefirebooter2478395189999737881.jar C:\Users\jonib\AppData\Local\Temp\surefire8932997219536195062 2021-06-14T05-55-31_727-jvmRun1 surefire8618492869585458061tmp surefire_05705694637152670470tmp"/>
    <property name="surefire.test.class.path" value="C:\Users\jonib\Documents\GitHub\UDParking\UDParking\target\test-classes;C:\Users\jonib\Documents\GitHub\UDParking\UDParking\target\classes;C:\Users\jonib\.m2\repository\org\glassfish\jersey\containers\jersey-container-grizzly2-http\3.0.1\jersey-container-grizzly2-http-3.0.1.jar;C:\Users\jonib\.m2\repository\jakarta\inject\jakarta.inject-api\2.0.0\jakarta.inject-api-2.0.0.jar;C:\Users\jonib\.m2\repository\org\glassfish\grizzly\grizzly-http-server\3.0.0\grizzly-http-server-3.0.0.jar;C:\Users\jonib\.m2\repository\org\glassfish\grizzly\grizzly-http\3.0.0\grizzly-http-3.0.0.jar;C:\Users\jonib\.m2\repository\org\glassfish\grizzly\grizzly-framework\3.0.0\grizzly-framework-3.0.0.jar;C:\Users\jonib\.m2\repository\org\glassfish\jersey\core\jersey-common\3.0.1\jersey-common-3.0.1.jar;C:\Users\jonib\.m2\repository\jakarta\annotation\jakarta.annotation-api\2.0.0\jakarta.annotation-api-2.0.0.jar;C:\Users\jonib\.m2\repository\org\glassfish\hk2\osgi-resource-locator\1.0.3\osgi-resource-locator-1.0.3.jar;C:\Users\jonib\.m2\repository\org\glassfish\jersey\core\jersey-server\3.0.1\jersey-server-3.0.1.jar;C:\Users\jonib\.m2\repository\org\glassfish\jersey\core\jersey-client\3.0.1\jersey-client-3.0.1.jar;C:\Users\jonib\.m2\repository\jakarta\validation\jakarta.validation-api\3.0.0\jakarta.validation-api-3.0.0.jar;C:\Users\jonib\.m2\repository\jakarta\ws\rs\jakarta.ws.rs-api\3.0.0\jakarta.ws.rs-api-3.0.0.jar;C:\Users\jonib\.m2\repository\org\glassfish\jersey\inject\jersey-hk2\3.0.1\jersey-hk2-3.0.1.jar;C:\Users\jonib\.m2\repository\org\glassfish\hk2\hk2-locator\3.0.1\hk2-locator-3.0.1.jar;C:\Users\jonib\.m2\repository\org\glassfish\hk2\external\aopalliance-repackaged\3.0.1\aopalliance-repackaged-3.0.1.jar;C:\Users\jonib\.m2\repository\org\glassfish\hk2\hk2-api\3.0.1\hk2-api-3.0.1.jar;C:\Users\jonib\.m2\repository\org\glassfish\hk2\hk2-utils\3.0.1\hk2-utils-3.0.1.jar;C:\Users\jonib\.m2\repository\org\javassist\javassist\3.25.0-GA\javassist-3.25.0-GA.jar;C:\Users\jonib\.m2\repository\org\glassfish\jersey\media\jersey-media-json-binding\3.0.1\jersey-media-json-binding-3.0.1.jar;C:\Users\jonib\.m2\repository\jakarta\json\jakarta.json-api\2.0.0\jakarta.json-api-2.0.0.jar;C:\Users\jonib\.m2\repository\jakarta\json\bind\jakarta.json.bind-api\2.0.0\jakarta.json.bind-api-2.0.0.jar;C:\Users\jonib\.m2\repository\org\glassfish\jakarta.json\2.0.0\jakarta.json-2.0.0-module.jar;C:\Users\jonib\.m2\repository\org\eclipse\yasson\2.0.1\yasson-2.0.1.jar;C:\Users\jonib\.m2\repository\org\datanucleus\datanucleus-core\5.2.6\datanucleus-core-5.2.6.jar;C:\Users\jonib\.m2\repository\org\datanucleus\datanucleus-api-jdo\5.2.5\datanucleus-api-jdo-5.2.5.jar;C:\Users\jonib\.m2\repository\org\datanucleus\datanucleus-rdbms\5.2.6\datanucleus-rdbms-5.2.6.jar;C:\Users\jonib\.m2\repository\org\datanucleus\javax.jdo\3.2.0-m13\javax.jdo-3.2.0-m13.jar;C:\Users\jonib\.m2\repository\javax\transaction\transaction-api\1.1\transaction-api-1.1.jar;C:\Users\jonib\.m2\repository\mysql\mysql-connector-java\8.0.23\mysql-connector-java-8.0.23.jar;C:\Users\jonib\.m2\repository\com\google\protobuf\protobuf-java\3.11.4\protobuf-java-3.11.4.jar;C:\Users\jonib\.m2\repository\junit\junit\4.11\junit-4.11.jar;C:\Users\jonib\.m2\repository\org\hamcrest\hamcrest-core\1.3\hamcrest-core-1.3.jar;C:\Users\jonib\.m2\repository\org\mockito\mockito-core\3.9.0\mockito-core-3.9.0.jar;C:\Users\jonib\.m2\repository\net\bytebuddy\byte-buddy\1.10.20\byte-buddy-1.10.20.jar;C:\Users\jonib\.m2\repository\net\bytebuddy\byte-buddy-agent\1.10.20\byte-buddy-agent-1.10.20.jar;C:\Users\jonib\.m2\repository\org\objenesis\objenesis\3.2\objenesis-3.2.jar;C:\Users\jonib\.m2\repository\log4j\log4j\1.2.17\log4j-1.2.17.jar;C:\Users\jonib\.m2\repository\com\toedter\jcalendar\1.4\jcalendar-1.4.jar;C:\Users\jonib\.m2\repository\org\databene\contiperf\2.3.4\contiperf-2.3.4.jar;C:\Users\jonib\.m2\repository\com\sun\mail\javax.mail\1.6.2\javax.mail-1.6.2.jar;C:\Users\jonib\.m2\repository\javax\activation\activation\1.1\activation-1.1.jar;"/>
    <property name="sun.cpu.endian" value="little"/>
    <property name="user.home" value="C:\Users\jonib"/>
    <property name="user.language" value="es"/>
    <property name="java.specification.vendor" value="Oracle Corporation"/>
    <property name="java.home" value="C:\Program Files\Java\jdk1.8.0_231\jre"/>
    <property name="basedir" value="C:\Users\jonib\Documents\GitHub\UDParking\UDParking"/>
    <property name="file.separator" value="\"/>
    <property name="line.separator" value="&#10;"/>
    <property name="java.vm.specification.vendor" value="Oracle Corporation"/>
    <property name="java.specification.name" value="Java Platform API Specification"/>
    <property name="java.awt.graphicsenv" value="sun.awt.Win32GraphicsEnvironment"/>
    <property name="surefire.real.class.path" value="C:\Users\jonib\AppData\Local\Temp\surefire8932997219536195062\surefirebooter2478395189999737881.jar;C:\\Users\\jonib\\.m2\\repository\\org\\jacoco\\org.jacoco.agent\\0.8.6\\org.jacoco.agent-0.8.6-runtime.jar"/>
    <property name="sun.boot.class.path" value="C:\Program Files\Java\jdk1.8.0_231\jre\lib\resources.jar;C:\Program Files\Java\jdk1.8.0_231\jre\lib\rt.jar;C:\Program Files\Java\jdk1.8.0_231\jre\lib\sunrsasign.jar;C:\Program Files\Java\jdk1.8.0_231\jre\lib\jsse.jar;C:\Program Files\Java\jdk1.8.0_231\jre\lib\jce.jar;C:\Program Files\Java\jdk1.8.0_231\jre\lib\charsets.jar;C:\Program Files\Java\jdk1.8.0_231\jre\lib\jfr.jar;C:\Program Files\Java\jdk1.8.0_231\jre\classes"/>
    <property name="user.script" value=""/>
    <property name="sun.management.compiler" value="HotSpot 64-Bit Tiered Compilers"/>
    <property name="java.runtime.version" value="1.8.0_231-b11"/>
    <property name="user.name" value="jonib"/>
    <property name="path.separator" value=";"/>
    <property name="os.version" value="10.0"/>
    <property name="java.endorsed.dirs" value="C:\Program Files\Java\jdk1.8.0_231\jre\lib\endorsed"/>
    <property name="java.runtime.name" value="Java(TM) SE Runtime Environment"/>
    <property name="file.encoding" value="Cp1252"/>
    <property name="java.vm.name" value="Java HotSpot(TM) 64-Bit Server VM"/>
    <property name="localRepository" value="C:\Users\jonib\.m2\repository"/>
    <property name="java.vendor.url.bug" value="http://bugreport.sun.com/bugreport/"/>
    <property name="java.io.tmpdir" value="C:\Users\jonib\AppData\Local\Temp\"/>
    <property name="java.version" value="1.8.0_231"/>
    <property name="user.dir" value="C:\Users\jonib\Documents\GitHub\UDParking\UDParking"/>
    <property name="os.arch" value="amd64"/>
    <property name="java.vm.specification.name" value="Java Virtual Machine Specification"/>
    <property name="java.awt.printerjob" value="sun.awt.windows.WPrinterJob"/>
    <property name="sun.os.patch.level" value=""/>
    <property name="java.library.path" value="C:\Program Files\Java\jdk1.8.0_231\jre\bin;C:\WINDOWS\Sun\Java\bin;C:\WINDOWS\system32;C:\WINDOWS;C:\Program Files\AdoptOpenJDK\jdk-15.0.0.36-openj9\bin;C:\Program Files (x86)\Common Files\Oracle\Java\javapath;C:\windows\system32;C:\windows;C:\windows\System32\Wbem;C:\windows\System32\WindowsPowerShell\v1.0\;C:\windows\System32\OpenSSH\;C:\Program Files (x86)\Intel\Intel(R) Management Engine Components\DAL;C:\Program Files\Intel\Intel(R) Management Engine Components\DAL;C:\Program Files (x86)\Intel\Intel(R) Management Engine Components\IPT;C:\Program Files\Intel\Intel(R) Management Engine Components\IPT;C:\Program Files (x86)\NVIDIA Corporation\PhysX\Common;C:\Program Files\Intel\WiFi\bin\;C:\Program Files\Common Files\Intel\WirelessCommon\;C:\WINDOWS\system32;C:\WINDOWS;C:\WINDOWS\System32\Wbem;C:\WINDOWS\System32\WindowsPowerShell\v1.0\;C:\WINDOWS\System32\OpenSSH\;C:\MinGW\bin\;C:\Program Files\Git\cmd;C:\Program Files\gettext-iconv\bin;C:\MinGW\bin;C;C:\Program Files\MiKTeX\miktex\bin\x64\;C:\Users\jonib\AppData\Local\Programs\Python\Python39\Scripts\;C:\Users\jonib\AppData\Local\Programs\Python\Python39\;C:\Users\jonib\AppData\Local\Microsoft\WindowsApps;C:\Users\jonib\AppData\Local\GitHubDesktop\bin;C:\Users\jonib\AppData\Local\Programs\Microsoft VS Code\bin;C:\Program Files\apache-maven-3.6.3-bin\apache-maven-3.6.3\bin;;C:\Users\jonib\AppData\Local\Microsoft\WindowsApps;C:\Program Files\Graphviz\bin;."/>
    <property name="java.vm.info" value="mixed mode"/>
    <property name="java.vendor" value="Oracle Corporation"/>
    <property name="java.vm.version" value="25.231-b11"/>
    <property name="java.ext.dirs" value="C:\Program Files\Java\jdk1.8.0_231\jre\lib\ext;C:\WINDOWS\Sun\Java\lib\ext"/>
    <property name="sun.io.unicode.encoding" value="UnicodeLittle"/>
    <property name="java.class.version" value="52.0"/>
  </properties>
  <testcase name="testMain" classname="es.deusto.spq.jdo.MainTest" time="0">
    <skipped/>
  </testcase>
</testsuite>